
#####################################
# Minuit run on 2019-02-15 13:07:16 #
#####################################

**************************************************
*                     MIGRAD                     *
**************************************************

**********************************************************************
---------------------------------------------------------------------------------------
fval = 6504688599.211178 | total call = 41 | ncalls = 41
edm = 1.0943741997807923e-10 (Goal: 1e-05) | up = 1.0
---------------------------------------------------------------------------------------
|          Valid |    Valid Param | Accurate Covar |         Posdef |    Made Posdef |
---------------------------------------------------------------------------------------
|           True |           True |           True |           True |          False |
---------------------------------------------------------------------------------------
|     Hesse Fail |        Has Cov |      Above EDM |                |  Reach calllim |
---------------------------------------------------------------------------------------
|          False |           True |          False |            u'' |          False |
---------------------------------------------------------------------------------------

----------------------------------------------------------------------------------------------------
|      |    Name     |  Value   | Para Err |   Err-   |   Err+   |  Limit-  |  Limit+  |          |
----------------------------------------------------------------------------------------------------
|    0 |       slope =  1.002   |  2.627E-08 |          |          |          |          |          |
|    1 | y_intercept =  0.002868 |  6.792E-09 |          |          |          |          |          |
----------------------------------------------------------------------------------------------------

**********************************************************************
**************************************************
*                     HESSE                      *
**************************************************

----------------------------------------------------------------------------------------------------
|      |    Name     |  Value   | Para Err |   Err-   |   Err+   |  Limit-  |  Limit+  |          |
----------------------------------------------------------------------------------------------------
|    0 |       slope =  1.002   |  2.627E-08 |          |          |          |          |          |
|    1 | y_intercept =  0.002868 |  6.792E-09 |          |          |          |          |          |
----------------------------------------------------------------------------------------------------

['slope', 'y_intercept']
((1.0, -0.6768439909906088), (-0.6768439909906088, 1.0))
                 |    0    1 
------------------------------
      slope    0 | 1.00 -0.68 
y_intercept    1 | -0.68 1.00 
------------------------------

**************************************************
*                     MINOS                      *
**************************************************

--------------------------------------------------
Minos Status for slope: VALID
--------------------------------------------------
|      Error      | -2.62696e-08 |  2.62701e-08 |
|      Valid      |     True     |     True     |
|    At Limit     |    False     |    False     |
|     Max FCN     |    False     |    False     |
|     New Min     |    False     |    False     |
--------------------------------------------------

--------------------------------------------------
Minos Status for y_intercept: VALID
--------------------------------------------------
|      Error      | -6.79194e-09 |   6.7925e-09 |
|      Valid      |     True     |     True     |
|    At Limit     |    False     |    False     |
|     Max FCN     |    False     |    False     |
|     New Min     |    False     |    False     |
--------------------------------------------------

